<?xml version="1.0" encoding="UTF-8"?>
<!-- Generated by org.testng.reporters.JUnitReportReporter -->
<testsuite skipped="0" hostname="Abdelrahman" name="Tests.logoutTest" tests="1" failures="0" timestamp="2021-03-17T00:09:30 EET" time="7.265" errors="0">
  <testcase name="userLogout" time="7.265" classname="Tests.logoutTest"/>
  <system-out/>
</testsuite> <!-- Tests.logoutTest -->
