<?xml version="1.0" encoding="UTF-8"?>
<!-- Generated by org.testng.reporters.JUnitReportReporter -->
<testsuite skipped="0" hostname="Abdelrahman" name="Tests.loginTest" tests="3" failures="0" timestamp="2021-03-17T00:09:30 EET" time="17.261" errors="0">
  <testcase name="userLoginWithInvalidPassword" time="5.833" classname="Tests.loginTest"/>
  <system-out/>
  <testcase name="userLoginSuccessfully" time="4.151" classname="Tests.loginTest"/>
  <system-out/>
  <testcase name="userLoginWithInvalidMail" time="7.277" classname="Tests.loginTest"/>
  <system-out/>
</testsuite> <!-- Tests.loginTest -->
