<?xml version="1.0" encoding="UTF-8"?>
<!-- Generated by org.testng.reporters.JUnitReportReporter -->
<testsuite skipped="0" hostname="Abdelrahman" name="Tests.postTweetTest" tests="1" failures="0" timestamp="2021-03-17T00:09:30 EET" time="6.562" errors="0">
  <testcase name="userPostTweet" time="6.562" classname="Tests.postTweetTest"/>
  <system-out/>
</testsuite> <!-- Tests.postTweetTest -->
